2026-03-12 16:41:31.174 [background-preinit] INFO  org.hibernate.validator.internal.util.Version - HV000001: Hibernate Validator 8.0.3.Final
2026-03-12 16:41:31.291 [restartedMain] INFO  com.revpasswordmanager.RevPasswordmanagerApplication - Starting RevPasswordmanagerApplication using Java 17.0.5 with PID 15612 (F:\Naveen Raj (VIT)\Revature\RevatureCodes1\JavaCodes\revPasswordmanager\revPasswordmanager\target\classes started by DELL HOME in F:\Naveen Raj (VIT)\Revature\RevatureCodes1\JavaCodes\revPasswordmanager\revPasswordmanager)
2026-03-12 16:41:31.298 [restartedMain] INFO  com.revpasswordmanager.RevPasswordmanagerApplication - No active profile set, falling back to 1 default profile: "default"
2026-03-12 16:41:31.347 [restartedMain] INFO  org.springframework.boot.devtools.env.DevToolsPropertyDefaultsPostProcessor - Devtools property defaults active! Set 'spring.devtools.add-properties' to 'false' to disable
2026-03-12 16:41:31.348 [restartedMain] INFO  org.springframework.boot.devtools.env.DevToolsPropertyDefaultsPostProcessor - For additional web related logging consider setting the 'logging.level.web' property to 'DEBUG'
2026-03-12 16:41:32.080 [restartedMain] INFO  org.springframework.data.repository.config.RepositoryConfigurationDelegate - Bootstrapping Spring Data JPA repositories in DEFAULT mode.
2026-03-12 16:41:32.154 [restartedMain] INFO  org.springframework.data.repository.config.RepositoryConfigurationDelegate - Finished Spring Data repository scanning in 64 ms. Found 7 JPA repository interfaces.
2026-03-12 16:41:32.794 [restartedMain] INFO  org.springframework.boot.web.embedded.tomcat.TomcatWebServer - Tomcat initialized with port 9095 (http)
2026-03-12 16:41:32.807 [restartedMain] INFO  org.apache.coyote.http11.Http11NioProtocol - Initializing ProtocolHandler ["http-nio-9095"]
2026-03-12 16:41:32.808 [restartedMain] INFO  org.apache.catalina.core.StandardService - Starting service [Tomcat]
2026-03-12 16:41:32.809 [restartedMain] INFO  org.apache.catalina.core.StandardEngine - Starting Servlet engine: [Apache Tomcat/10.1.52]
2026-03-12 16:41:32.863 [restartedMain] INFO  org.apache.catalina.core.ContainerBase.[Tomcat].[localhost].[/] - Initializing Spring embedded WebApplicationContext
2026-03-12 16:41:32.865 [restartedMain] INFO  org.springframework.boot.web.servlet.context.ServletWebServerApplicationContext - Root WebApplicationContext: initialization completed in 1515 ms
2026-03-12 16:41:33.031 [restartedMain] INFO  org.hibernate.jpa.internal.util.LogHelper - HHH000204: Processing PersistenceUnitInfo [name: default]
2026-03-12 16:41:33.096 [restartedMain] INFO  org.hibernate.Version - HHH000412: Hibernate ORM core version 6.6.42.Final
2026-03-12 16:41:33.139 [restartedMain] INFO  org.hibernate.cache.internal.RegionFactoryInitiator - HHH000026: Second-level cache disabled
2026-03-12 16:41:33.511 [restartedMain] INFO  org.springframework.orm.jpa.persistenceunit.SpringPersistenceUnitInfo - No LoadTimeWeaver setup: ignoring JPA class transformer
2026-03-12 16:41:33.546 [restartedMain] INFO  com.zaxxer.hikari.HikariDataSource - HikariPool-1 - Starting...
2026-03-12 16:41:34.158 [restartedMain] INFO  com.zaxxer.hikari.pool.HikariPool - HikariPool-1 - Added connection com.mysql.cj.jdbc.ConnectionImpl@35bf745e
2026-03-12 16:41:34.160 [restartedMain] INFO  com.zaxxer.hikari.HikariDataSource - HikariPool-1 - Start completed.
2026-03-12 16:41:34.325 [restartedMain] WARN  org.hibernate.orm.deprecation - HHH90000025: MySQL8Dialect does not need to be specified explicitly using 'hibernate.dialect' (remove the property setting and it will be selected by default)
2026-03-12 16:41:34.327 [restartedMain] WARN  org.hibernate.orm.deprecation - HHH90000026: MySQL8Dialect has been deprecated; use org.hibernate.dialect.MySQLDialect instead
2026-03-12 16:41:34.351 [restartedMain] INFO  org.hibernate.orm.connections.pooling - HHH10001005: Database info:
	Database JDBC URL [Connecting through datasource 'HikariDataSource (HikariPool-1)']
	Database driver: undefined/unknown
	Database version: 8.0
	Autocommit mode: undefined/unknown
	Isolation level: undefined/unknown
	Minimum pool size: undefined/unknown
	Maximum pool size: undefined/unknown
2026-03-12 16:41:35.419 [restartedMain] INFO  org.hibernate.engine.transaction.jta.platform.internal.JtaPlatformInitiator - HHH000489: No JTA platform available (set 'hibernate.transaction.jta.platform' to enable JTA platform integration)
2026-03-12 16:41:35.595 [restartedMain] INFO  org.springframework.orm.jpa.LocalContainerEntityManagerFactoryBean - Initialized JPA EntityManagerFactory for persistence unit 'default'
2026-03-12 16:41:36.051 [restartedMain] WARN  org.springframework.boot.autoconfigure.orm.jpa.JpaBaseConfiguration$JpaWebConfiguration - spring.jpa.open-in-view is enabled by default. Therefore, database queries may be performed during view rendering. Explicitly configure spring.jpa.open-in-view to disable this warning
2026-03-12 16:41:36.089 [restartedMain] INFO  org.springframework.security.config.annotation.authentication.configuration.InitializeUserDetailsBeanManagerConfigurer$InitializeUserDetailsManagerConfigurer - Global AuthenticationManager configured with UserDetailsService bean with name userServiceImpl
2026-03-12 16:41:36.183 [restartedMain] INFO  org.springframework.boot.autoconfigure.web.servlet.WelcomePageHandlerMapping - Adding welcome page template: index
2026-03-12 16:41:36.928 [restartedMain] INFO  org.springframework.boot.devtools.autoconfigure.OptionalLiveReloadServer - LiveReload server is running on port 35729
2026-03-12 16:41:36.944 [restartedMain] INFO  org.apache.coyote.http11.Http11NioProtocol - Starting ProtocolHandler ["http-nio-9095"]
2026-03-12 16:41:36.972 [restartedMain] INFO  org.springframework.boot.web.embedded.tomcat.TomcatWebServer - Tomcat started on port 9095 (http) with context path '/'
2026-03-12 16:41:36.984 [restartedMain] INFO  com.revpasswordmanager.RevPasswordmanagerApplication - Started RevPasswordmanagerApplication in 6.157 seconds (process running for 7.262)
2026-03-12 16:41:55.638 [http-nio-9095-exec-1] INFO  org.apache.catalina.core.ContainerBase.[Tomcat].[localhost].[/] - Initializing Spring DispatcherServlet 'dispatcherServlet'
2026-03-12 16:41:55.639 [http-nio-9095-exec-1] INFO  org.springframework.web.servlet.DispatcherServlet - Initializing Servlet 'dispatcherServlet'
2026-03-12 16:41:55.641 [http-nio-9095-exec-1] INFO  org.springframework.web.servlet.DispatcherServlet - Completed initialization in 1 ms
2026-03-12 16:41:57.601 [http-nio-9095-exec-3] WARN  org.springframework.web.servlet.mvc.method.annotation.ExceptionHandlerExceptionResolver - Resolved [org.springframework.web.servlet.resource.NoResourceFoundException: No static resource favicon.ico.]
2026-03-12 16:42:01.080 [http-nio-9095-exec-5] WARN  org.springframework.web.servlet.mvc.method.annotation.ExceptionHandlerExceptionResolver - Resolved [org.springframework.web.servlet.resource.NoResourceFoundException: No static resource favicon.ico.]
2026-03-12 16:42:18.189 [http-nio-9095-exec-2] INFO  com.revpasswordmanager.serviceimpl.AuthServiceImpl - Login attempt — username: [Naveenraj01]
2026-03-12 16:42:18.637 [http-nio-9095-exec-2] INFO  com.revpasswordmanager.serviceimpl.AuthServiceImpl - 2FA required — generating verification code for userId: [1]
2026-03-12 16:42:25.654 [http-nio-9095-exec-8] WARN  org.springframework.web.servlet.mvc.method.annotation.ExceptionHandlerExceptionResolver - Resolved [org.springframework.web.servlet.resource.NoResourceFoundException: No static resource favicon.ico.]
2026-03-12 16:42:40.603 [http-nio-9095-exec-5] INFO  com.revpasswordmanager.serviceimpl.VaultServiceImpl - Returned [10] vault entries for userId: [1]
2026-03-12 16:42:40.800 [http-nio-9095-exec-2] WARN  org.springframework.web.servlet.mvc.method.annotation.ExceptionHandlerExceptionResolver - Resolved [org.springframework.web.servlet.resource.NoResourceFoundException: No static resource favicon.ico.]
2026-03-12 16:42:57.085 [http-nio-9095-exec-7] INFO  com.revpasswordmanager.serviceimpl.VaultServiceImpl - Returned [10] vault entries for userId: [1]
2026-03-12 16:42:57.247 [http-nio-9095-exec-8] WARN  org.springframework.web.servlet.mvc.method.annotation.ExceptionHandlerExceptionResolver - Resolved [org.springframework.web.servlet.resource.NoResourceFoundException: No static resource favicon.ico.]
2026-03-12 16:45:01.251 [http-nio-9095-exec-10] INFO  com.revpasswordmanager.serviceimpl.VaultServiceImpl - Adding vault entry — userId: [1], accountName: [Telegram]
2026-03-12 16:45:01.528 [http-nio-9095-exec-10] INFO  com.revpasswordmanager.serviceimpl.VaultServiceImpl - Vault entry added successfully — userId: [1], account: [Telegram]
2026-03-12 16:45:01.586 [http-nio-9095-exec-1] INFO  com.revpasswordmanager.serviceimpl.VaultServiceImpl - Returned [11] vault entries for userId: [1]
2026-03-12 16:45:04.419 [http-nio-9095-exec-2] INFO  com.revpasswordmanager.serviceimpl.VaultServiceImpl - Returned [11] vault entries for userId: [1]
2026-03-12 16:45:04.846 [http-nio-9095-exec-6] WARN  org.springframework.web.servlet.mvc.method.annotation.ExceptionHandlerExceptionResolver - Resolved [org.springframework.web.servlet.resource.NoResourceFoundException: No static resource favicon.ico.]
2026-03-12 16:45:20.019 [http-nio-9095-exec-8] INFO  com.revpasswordmanager.serviceimpl.VaultServiceImpl - Returned [11] vault entries for userId: [1]
2026-03-12 16:45:20.166 [http-nio-9095-exec-9] WARN  org.springframework.web.servlet.mvc.method.annotation.ExceptionHandlerExceptionResolver - Resolved [org.springframework.web.servlet.resource.NoResourceFoundException: No static resource favicon.ico.]
2026-03-12 16:45:28.543 [http-nio-9095-exec-10] INFO  com.revpasswordmanager.serviceimpl.VaultServiceImpl - Updating favorite status — entryId: [40], favorite: [true]
2026-03-12 16:45:28.707 [http-nio-9095-exec-10] INFO  com.revpasswordmanager.serviceimpl.VaultServiceImpl - Favorite status updated — entryId: [40], isFavorite: [true]
2026-03-12 16:45:28.739 [http-nio-9095-exec-1] INFO  com.revpasswordmanager.serviceimpl.VaultServiceImpl - Returned [11] vault entries for userId: [1]
2026-03-12 16:45:36.780 [http-nio-9095-exec-2] INFO  com.revpasswordmanager.serviceimpl.VaultServiceImpl - Returned [11] vault entries for userId: [1]
2026-03-12 16:45:36.894 [http-nio-9095-exec-6] WARN  org.springframework.web.servlet.mvc.method.annotation.ExceptionHandlerExceptionResolver - Resolved [org.springframework.web.servlet.resource.NoResourceFoundException: No static resource favicon.ico.]
2026-03-12 16:45:56.559 [http-nio-9095-exec-10] INFO  com.revpasswordmanager.serviceimpl.VaultServiceImpl - Returned [11] vault entries for userId: [1]
2026-03-12 16:45:56.656 [http-nio-9095-exec-1] WARN  org.springframework.web.servlet.mvc.method.annotation.ExceptionHandlerExceptionResolver - Resolved [org.springframework.web.servlet.resource.NoResourceFoundException: No static resource favicon.ico.]
2026-03-12 16:46:59.592 [main] INFO  org.springframework.test.context.support.AnnotationConfigContextLoaderUtils - Could not detect default configuration classes for test class [com.revpasswordmanager.RevPasswordmanagerApplicationTests]: RevPasswordmanagerApplicationTests does not declare any static, non-private, non-final, nested classes annotated with @Configuration.
2026-03-12 16:47:00.004 [main] INFO  org.springframework.test.context.support.AnnotationConfigContextLoaderUtils - Could not detect default configuration classes for test class [com.revpasswordmanager.RevPasswordmanagerApplicationTests]: RevPasswordmanagerApplicationTests does not declare any static, non-private, non-final, nested classes annotated with @Configuration.
2026-03-12 16:47:01.771 [main] INFO  com.revpasswordmanager.controller.SecurityControllerTest - === Setting up SecurityControllerTest ===
2026-03-12 16:47:01.772 [main] INFO  com.revpasswordmanager.controller.SecurityControllerTest - TEST: getSecurityAudit_validUserId_returnsAuditReport
2026-03-12 16:47:01.840 [main] INFO  com.revpasswordmanager.controller.SecurityControllerTest - PASS: weak=3, reused=1, old=2
2026-03-12 16:47:01.854 [main] INFO  com.revpasswordmanager.controller.SecurityControllerTest - === Setting up SecurityControllerTest ===
2026-03-12 16:47:01.855 [main] INFO  com.revpasswordmanager.controller.SecurityControllerTest - TEST: verifyCode_invalidCode_returns400
2026-03-12 16:47:01.856 [main] INFO  com.revpasswordmanager.controller.SecurityControllerTest - PASS
2026-03-12 16:47:01.860 [main] INFO  com.revpasswordmanager.controller.SecurityControllerTest - === Setting up SecurityControllerTest ===
2026-03-12 16:47:01.860 [main] INFO  com.revpasswordmanager.controller.SecurityControllerTest - TEST: getSecurityQuestions_validUserId_returnsOkWithQuestions
2026-03-12 16:47:01.861 [main] INFO  com.revpasswordmanager.controller.SecurityControllerTest - PASS: 3 questions returned
2026-03-12 16:47:01.867 [main] INFO  com.revpasswordmanager.controller.SecurityControllerTest - === Setting up SecurityControllerTest ===
2026-03-12 16:47:01.867 [main] INFO  com.revpasswordmanager.controller.SecurityControllerTest - TEST: updateSecurityAnswer_validInput_returns200
2026-03-12 16:47:01.871 [main] INFO  com.revpasswordmanager.controller.SecurityControllerTest - PASS
2026-03-12 16:47:01.876 [main] INFO  com.revpasswordmanager.controller.SecurityControllerTest - === Setting up SecurityControllerTest ===
2026-03-12 16:47:01.876 [main] INFO  com.revpasswordmanager.controller.SecurityControllerTest - TEST: generateVerificationCode_validRequest_returnsCode
2026-03-12 16:47:01.879 [main] INFO  com.revpasswordmanager.controller.SecurityControllerTest - PASS: code returned in body
2026-03-12 16:47:01.885 [main] INFO  com.revpasswordmanager.controller.SecurityControllerTest - === Setting up SecurityControllerTest ===
2026-03-12 16:47:01.886 [main] INFO  com.revpasswordmanager.controller.SecurityControllerTest - TEST: updateSecurityAnswer_emptyAnswer_returns400
2026-03-12 16:47:01.891 [main] INFO  com.revpasswordmanager.controller.SecurityControllerTest - PASS
2026-03-12 16:47:01.897 [main] INFO  com.revpasswordmanager.controller.SecurityControllerTest - === Setting up SecurityControllerTest ===
2026-03-12 16:47:01.897 [main] INFO  com.revpasswordmanager.controller.SecurityControllerTest - TEST: verifyCode_validCode_returns200
2026-03-12 16:47:01.899 [main] INFO  com.revpasswordmanager.controller.SecurityControllerTest - PASS
2026-03-12 16:47:02.359 [main] INFO  com.revpasswordmanager.RevPasswordmanagerApplicationTests - TEST: Application context smoke test — PASS
2026-03-12 16:47:02.754 [main] INFO  com.revpasswordmanager.service.AuthServiceImplTest - === Setting up AuthServiceImplTest ===
2026-03-12 16:47:02.757 [main] INFO  com.revpasswordmanager.service.AuthServiceImplTest - TEST: registerUser_duplicateEmail_throwsException
2026-03-12 16:47:02.758 [main] INFO  com.revpasswordmanager.serviceimpl.AuthServiceImpl - Registration attempt — username: [john_doe], email: [john@example.com]
2026-03-12 16:47:02.760 [main] WARN  com.revpasswordmanager.serviceimpl.AuthServiceImpl - Registration failed — email already exists: [john@example.com]
2026-03-12 16:47:02.769 [main] INFO  com.revpasswordmanager.service.AuthServiceImplTest - === Setting up AuthServiceImplTest ===
2026-03-12 16:47:02.770 [main] INFO  com.revpasswordmanager.service.AuthServiceImplTest - TEST: changeMasterPassword_wrongCurrent_throwsException
2026-03-12 16:47:02.771 [main] INFO  com.revpasswordmanager.serviceimpl.AuthServiceImpl - Change master password request — username: [john_doe]
2026-03-12 16:47:02.772 [main] WARN  com.revpasswordmanager.serviceimpl.AuthServiceImpl - Change password failed — current password incorrect for username: [john_doe]
2026-03-12 16:47:02.782 [main] INFO  com.revpasswordmanager.service.AuthServiceImplTest - === Setting up AuthServiceImplTest ===
2026-03-12 16:47:02.783 [main] INFO  com.revpasswordmanager.service.AuthServiceImplTest - TEST: registerUser_passwordIsEncoded_notPlaintext
2026-03-12 16:47:02.789 [main] INFO  com.revpasswordmanager.serviceimpl.AuthServiceImpl - Registration attempt — username: [john_doe], email: [john@example.com]
2026-03-12 16:47:02.791 [main] INFO  com.revpasswordmanager.serviceimpl.AuthServiceImpl - Registration successful — userId: [100], username: [john_doe]
2026-03-12 16:47:02.805 [main] INFO  com.revpasswordmanager.service.AuthServiceImplTest - PASS
2026-03-12 16:47:02.811 [main] INFO  com.revpasswordmanager.service.AuthServiceImplTest - === Setting up AuthServiceImplTest ===
2026-03-12 16:47:02.812 [main] INFO  com.revpasswordmanager.service.AuthServiceImplTest - TEST: login_validCredentials_with2FA_returnsNegativeOne
2026-03-12 16:47:02.815 [main] INFO  com.revpasswordmanager.serviceimpl.AuthServiceImpl - Login attempt — username: [john_doe]
2026-03-12 16:47:02.816 [main] INFO  com.revpasswordmanager.serviceimpl.AuthServiceImpl - 2FA required — generating verification code for userId: [100]
2026-03-12 16:47:02.818 [main] INFO  com.revpasswordmanager.service.AuthServiceImplTest - PASS: 2FA triggered, returned -1
2026-03-12 16:47:02.822 [main] INFO  com.revpasswordmanager.service.AuthServiceImplTest - === Setting up AuthServiceImplTest ===
2026-03-12 16:47:02.822 [main] INFO  com.revpasswordmanager.service.AuthServiceImplTest - TEST: changeMasterPassword_correctCurrent_updatesHash
2026-03-12 16:47:02.823 [main] INFO  com.revpasswordmanager.serviceimpl.AuthServiceImpl - Change master password request — username: [john_doe]
2026-03-12 16:47:02.825 [main] INFO  com.revpasswordmanager.serviceimpl.AuthServiceImpl - Master password changed successfully — username: [john_doe]
2026-03-12 16:47:02.826 [main] INFO  com.revpasswordmanager.service.AuthServiceImplTest - PASS
2026-03-12 16:47:02.832 [main] INFO  com.revpasswordmanager.service.AuthServiceImplTest - === Setting up AuthServiceImplTest ===
2026-03-12 16:47:02.833 [main] INFO  com.revpasswordmanager.service.AuthServiceImplTest - TEST: login_userNotFound_throwsException
2026-03-12 16:47:02.834 [main] INFO  com.revpasswordmanager.serviceimpl.AuthServiceImpl - Login attempt — username: [ghost]
2026-03-12 16:47:02.834 [main] WARN  com.revpasswordmanager.serviceimpl.AuthServiceImpl - Login failed — user not found: [ghost]
2026-03-12 16:47:02.841 [main] INFO  com.revpasswordmanager.service.AuthServiceImplTest - === Setting up AuthServiceImplTest ===
2026-03-12 16:47:02.841 [main] INFO  com.revpasswordmanager.service.AuthServiceImplTest - TEST: registerUser_validData_savesUserAndQuestions
2026-03-12 16:47:02.844 [main] INFO  com.revpasswordmanager.serviceimpl.AuthServiceImpl - Registration attempt — username: [john_doe], email: [john@example.com]
2026-03-12 16:47:02.847 [main] INFO  com.revpasswordmanager.serviceimpl.AuthServiceImpl - Registration successful — userId: [100], username: [john_doe]
2026-03-12 16:47:02.850 [main] INFO  com.revpasswordmanager.service.AuthServiceImplTest - PASS
2026-03-12 16:47:02.855 [main] INFO  com.revpasswordmanager.service.AuthServiceImplTest - === Setting up AuthServiceImplTest ===
2026-03-12 16:47:02.856 [main] INFO  com.revpasswordmanager.service.AuthServiceImplTest - TEST: toggleTwoFactor_disable_setsFalse
2026-03-12 16:47:02.857 [main] INFO  com.revpasswordmanager.serviceimpl.AuthServiceImpl - Toggle 2FA request — username: [john_doe], enable: [false]
2026-03-12 16:47:02.858 [main] INFO  com.revpasswordmanager.serviceimpl.AuthServiceImpl - 2FA status updated — username: [john_doe], twoFactorEnabled: [false]
2026-03-12 16:47:02.859 [main] INFO  com.revpasswordmanager.service.AuthServiceImplTest - PASS
2026-03-12 16:47:02.864 [main] INFO  com.revpasswordmanager.service.AuthServiceImplTest - === Setting up AuthServiceImplTest ===
2026-03-12 16:47:02.865 [main] INFO  com.revpasswordmanager.service.AuthServiceImplTest - TEST: login_validCredentials_no2FA_returnsUserId
2026-03-12 16:47:02.866 [main] INFO  com.revpasswordmanager.serviceimpl.AuthServiceImpl - Login attempt — username: [john_doe]
2026-03-12 16:47:02.867 [main] INFO  com.revpasswordmanager.serviceimpl.AuthServiceImpl - Login successful — userId: [100], username: [john_doe]
2026-03-12 16:47:02.867 [main] INFO  com.revpasswordmanager.service.AuthServiceImplTest - PASS: userId=100
2026-03-12 16:47:02.872 [main] INFO  com.revpasswordmanager.service.AuthServiceImplTest - === Setting up AuthServiceImplTest ===
2026-03-12 16:47:02.873 [main] INFO  com.revpasswordmanager.service.AuthServiceImplTest - TEST: login_wrongPassword_throwsException
2026-03-12 16:47:02.874 [main] INFO  com.revpasswordmanager.serviceimpl.AuthServiceImpl - Login attempt — username: [john_doe]
2026-03-12 16:47:02.875 [main] WARN  com.revpasswordmanager.serviceimpl.AuthServiceImpl - Login failed — invalid password for username: [john_doe]
2026-03-12 16:47:02.881 [main] INFO  com.revpasswordmanager.service.AuthServiceImplTest - === Setting up AuthServiceImplTest ===
2026-03-12 16:47:02.881 [main] INFO  com.revpasswordmanager.service.AuthServiceImplTest - TEST: registerUser_duplicateUsername_throwsException
2026-03-12 16:47:02.882 [main] INFO  com.revpasswordmanager.serviceimpl.AuthServiceImpl - Registration attempt — username: [john_doe], email: [john@example.com]
2026-03-12 16:47:02.883 [main] WARN  com.revpasswordmanager.serviceimpl.AuthServiceImpl - Registration failed — username already exists: [john_doe]
2026-03-12 16:47:02.886 [main] INFO  com.revpasswordmanager.service.AuthServiceImplTest - === Setting up AuthServiceImplTest ===
2026-03-12 16:47:02.887 [main] INFO  com.revpasswordmanager.service.AuthServiceImplTest - TEST: toggleTwoFactor_enable_setsTrue
2026-03-12 16:47:02.888 [main] INFO  com.revpasswordmanager.serviceimpl.AuthServiceImpl - Toggle 2FA request — username: [john_doe], enable: [true]
2026-03-12 16:47:02.888 [main] INFO  com.revpasswordmanager.serviceimpl.AuthServiceImpl - 2FA status updated — username: [john_doe], twoFactorEnabled: [true]
2026-03-12 16:47:02.889 [main] INFO  com.revpasswordmanager.service.AuthServiceImplTest - PASS
2026-03-12 16:47:02.900 [main] INFO  com.revpasswordmanager.service.PasswordGeneratorServiceImplTest - === Setting up PasswordGeneratorServiceImplTest ===
2026-03-12 16:47:02.901 [main] INFO  com.revpasswordmanager.service.PasswordGeneratorServiceImplTest - TEST: generatePassword_excludeSimilarChars_nonePresent
2026-03-12 16:47:02.925 [main] INFO  com.revpasswordmanager.serviceimpl.PasswordGeneratorServiceImpl - Password generated — length: [100], strength: [Very Strong]
2026-03-12 16:47:02.931 [main] INFO  com.revpasswordmanager.serviceimpl.PasswordGeneratorServiceImpl - Password generated — length: [100], strength: [Very Strong]
2026-03-12 16:47:02.937 [main] INFO  com.revpasswordmanager.serviceimpl.PasswordGeneratorServiceImpl - Password generated — length: [100], strength: [Very Strong]
2026-03-12 16:47:02.941 [main] INFO  com.revpasswordmanager.serviceimpl.PasswordGeneratorServiceImpl - Password generated — length: [100], strength: [Very Strong]
2026-03-12 16:47:02.946 [main] INFO  com.revpasswordmanager.serviceimpl.PasswordGeneratorServiceImpl - Password generated — length: [100], strength: [Very Strong]
2026-03-12 16:47:02.950 [main] INFO  com.revpasswordmanager.serviceimpl.PasswordGeneratorServiceImpl - Password generated — length: [100], strength: [Very Strong]
2026-03-12 16:47:02.953 [main] INFO  com.revpasswordmanager.serviceimpl.PasswordGeneratorServiceImpl - Password generated — length: [100], strength: [Very Strong]
2026-03-12 16:47:02.959 [main] INFO  com.revpasswordmanager.serviceimpl.PasswordGeneratorServiceImpl - Password generated — length: [100], strength: [Very Strong]
2026-03-12 16:47:02.962 [main] INFO  com.revpasswordmanager.serviceimpl.PasswordGeneratorServiceImpl - Password generated — length: [100], strength: [Very Strong]
2026-03-12 16:47:02.966 [main] INFO  com.revpasswordmanager.serviceimpl.PasswordGeneratorServiceImpl - Password generated — length: [100], strength: [Very Strong]
2026-03-12 16:47:02.966 [main] INFO  com.revpasswordmanager.service.PasswordGeneratorServiceImplTest - PASS: no similar chars in 10 passwords
2026-03-12 16:47:02.970 [main] INFO  com.revpasswordmanager.service.PasswordGeneratorServiceImplTest - === Setting up PasswordGeneratorServiceImplTest ===
2026-03-12 16:47:02.971 [main] INFO  com.revpasswordmanager.service.PasswordGeneratorServiceImplTest - TEST: generateMultiple_allUnique
2026-03-12 16:47:02.971 [main] INFO  com.revpasswordmanager.serviceimpl.PasswordGeneratorServiceImpl - Generating [10] passwords — length: [20]
2026-03-12 16:47:02.972 [main] INFO  com.revpasswordmanager.serviceimpl.PasswordGeneratorServiceImpl - Password generated — length: [20], strength: [Strong]
2026-03-12 16:47:02.973 [main] INFO  com.revpasswordmanager.serviceimpl.PasswordGeneratorServiceImpl - Password generated — length: [20], strength: [Very Strong]
2026-03-12 16:47:02.974 [main] INFO  com.revpasswordmanager.serviceimpl.PasswordGeneratorServiceImpl - Password generated — length: [20], strength: [Very Strong]
2026-03-12 16:47:02.975 [main] INFO  com.revpasswordmanager.serviceimpl.PasswordGeneratorServiceImpl - Password generated — length: [20], strength: [Very Strong]
2026-03-12 16:47:02.976 [main] INFO  com.revpasswordmanager.serviceimpl.PasswordGeneratorServiceImpl - Password generated — length: [20], strength: [Very Strong]
2026-03-12 16:47:02.978 [main] INFO  com.revpasswordmanager.serviceimpl.PasswordGeneratorServiceImpl - Password generated — length: [20], strength: [Very Strong]
2026-03-12 16:47:02.979 [main] INFO  com.revpasswordmanager.serviceimpl.PasswordGeneratorServiceImpl - Password generated — length: [20], strength: [Very Strong]
2026-03-12 16:47:02.980 [main] INFO  com.revpasswordmanager.serviceimpl.PasswordGeneratorServiceImpl - Password generated — length: [20], strength: [Very Strong]
2026-03-12 16:47:02.982 [main] INFO  com.revpasswordmanager.serviceimpl.PasswordGeneratorServiceImpl - Password generated — length: [20], strength: [Very Strong]
2026-03-12 16:47:02.983 [main] INFO  com.revpasswordmanager.serviceimpl.PasswordGeneratorServiceImpl - Password generated — length: [20], strength: [Very Strong]
2026-03-12 16:47:02.983 [main] INFO  com.revpasswordmanager.service.PasswordGeneratorServiceImplTest - PASS
2026-03-12 16:47:02.986 [main] INFO  com.revpasswordmanager.service.PasswordGeneratorServiceImplTest - === Setting up PasswordGeneratorServiceImplTest ===
2026-03-12 16:47:02.987 [main] INFO  com.revpasswordmanager.service.PasswordGeneratorServiceImplTest - TEST: generatePassword_length64_exactLength
2026-03-12 16:47:02.988 [main] INFO  com.revpasswordmanager.serviceimpl.PasswordGeneratorServiceImpl - Password generated — length: [64], strength: [Very Strong]
2026-03-12 16:47:02.988 [main] INFO  com.revpasswordmanager.service.PasswordGeneratorServiceImplTest - PASS
2026-03-12 16:47:02.990 [main] INFO  com.revpasswordmanager.service.PasswordGeneratorServiceImplTest - === Setting up PasswordGeneratorServiceImplTest ===
2026-03-12 16:47:02.990 [main] INFO  com.revpasswordmanager.service.PasswordGeneratorServiceImplTest - TEST: checkStrength_medium_returnsMediumOrStrong
2026-03-12 16:47:02.991 [main] INFO  com.revpasswordmanager.service.PasswordGeneratorServiceImplTest - PASS: strength=Medium
2026-03-12 16:47:02.992 [main] INFO  com.revpasswordmanager.service.PasswordGeneratorServiceImplTest - === Setting up PasswordGeneratorServiceImplTest ===
2026-03-12 16:47:02.993 [main] INFO  com.revpasswordmanager.service.PasswordGeneratorServiceImplTest - TEST: generateMultiple_count5_returnsFive
2026-03-12 16:47:02.993 [main] INFO  com.revpasswordmanager.serviceimpl.PasswordGeneratorServiceImpl - Generating [5] passwords — length: [16]
2026-03-12 16:47:02.994 [main] INFO  com.revpasswordmanager.serviceimpl.PasswordGeneratorServiceImpl - Password generated — length: [16], strength: [Very Strong]
2026-03-12 16:47:02.994 [main] INFO  com.revpasswordmanager.serviceimpl.PasswordGeneratorServiceImpl - Password generated — length: [16], strength: [Strong]
2026-03-12 16:47:02.995 [main] INFO  com.revpasswordmanager.serviceimpl.PasswordGeneratorServiceImpl - Password generated — length: [16], strength: [Very Strong]
2026-03-12 16:47:02.996 [main] INFO  com.revpasswordmanager.serviceimpl.PasswordGeneratorServiceImpl - Password generated — length: [16], strength: [Very Strong]
2026-03-12 16:47:02.997 [main] INFO  com.revpasswordmanager.serviceimpl.PasswordGeneratorServiceImpl - Password generated — length: [16], strength: [Very Strong]
2026-03-12 16:47:02.997 [main] INFO  com.revpasswordmanager.service.PasswordGeneratorServiceImplTest - PASS
2026-03-12 16:47:03.000 [main] INFO  com.revpasswordmanager.service.PasswordGeneratorServiceImplTest - === Setting up PasswordGeneratorServiceImplTest ===
2026-03-12 16:47:03.000 [main] INFO  com.revpasswordmanager.service.PasswordGeneratorServiceImplTest - TEST: generatePassword_numbersOnly_onlyDigits
2026-03-12 16:47:03.001 [main] INFO  com.revpasswordmanager.serviceimpl.PasswordGeneratorServiceImpl - Password generated — length: [16], strength: [Medium]
2026-03-12 16:47:03.002 [main] INFO  com.revpasswordmanager.service.PasswordGeneratorServiceImplTest - PASS
2026-03-12 16:47:03.003 [main] INFO  com.revpasswordmanager.service.PasswordGeneratorServiceImplTest - === Setting up PasswordGeneratorServiceImplTest ===
2026-03-12 16:47:03.004 [main] INFO  com.revpasswordmanager.service.PasswordGeneratorServiceImplTest - TEST: generatePassword_length8_exactLength
2026-03-12 16:47:03.005 [main] INFO  com.revpasswordmanager.serviceimpl.PasswordGeneratorServiceImpl - Password generated — length: [8], strength: [Strong]
2026-03-12 16:47:03.006 [main] INFO  com.revpasswordmanager.service.PasswordGeneratorServiceImplTest - PASS
2026-03-12 16:47:03.008 [main] INFO  com.revpasswordmanager.service.PasswordGeneratorServiceImplTest - === Setting up PasswordGeneratorServiceImplTest ===
2026-03-12 16:47:03.009 [main] INFO  com.revpasswordmanager.service.PasswordGeneratorServiceImplTest - TEST: generatePassword_noTypesSelected_throwsException
2026-03-12 16:47:03.009 [main] WARN  com.revpasswordmanager.serviceimpl.PasswordGeneratorServiceImpl - Password generation failed — no character types selected
2026-03-12 16:47:03.011 [main] INFO  com.revpasswordmanager.service.PasswordGeneratorServiceImplTest - === Setting up PasswordGeneratorServiceImplTest ===
2026-03-12 16:47:03.011 [main] INFO  com.revpasswordmanager.service.PasswordGeneratorServiceImplTest - TEST: checkStrength_null_returnsWeak
2026-03-12 16:47:03.011 [main] INFO  com.revpasswordmanager.service.PasswordGeneratorServiceImplTest - PASS
2026-03-12 16:47:03.013 [main] INFO  com.revpasswordmanager.service.PasswordGeneratorServiceImplTest - === Setting up PasswordGeneratorServiceImplTest ===
2026-03-12 16:47:03.013 [main] INFO  com.revpasswordmanager.service.PasswordGeneratorServiceImplTest - TEST: generatePassword_twoCalls_differentPasswords
2026-03-12 16:47:03.015 [main] INFO  com.revpasswordmanager.serviceimpl.PasswordGeneratorServiceImpl - Password generated — length: [20], strength: [Very Strong]
2026-03-12 16:47:03.015 [main] INFO  com.revpasswordmanager.serviceimpl.PasswordGeneratorServiceImpl - Password generated — length: [20], strength: [Very Strong]
2026-03-12 16:47:03.016 [main] INFO  com.revpasswordmanager.service.PasswordGeneratorServiceImplTest - PASS
2026-03-12 16:47:03.017 [main] INFO  com.revpasswordmanager.service.PasswordGeneratorServiceImplTest - === Setting up PasswordGeneratorServiceImplTest ===
2026-03-12 16:47:03.017 [main] INFO  com.revpasswordmanager.service.PasswordGeneratorServiceImplTest - TEST: checkStrength_simplePassword_weak
2026-03-12 16:47:03.018 [main] INFO  com.revpasswordmanager.service.PasswordGeneratorServiceImplTest - PASS
2026-03-12 16:47:03.019 [main] INFO  com.revpasswordmanager.service.PasswordGeneratorServiceImplTest - === Setting up PasswordGeneratorServiceImplTest ===
2026-03-12 16:47:03.019 [main] INFO  com.revpasswordmanager.service.PasswordGeneratorServiceImplTest - TEST: generatePassword_uppercaseOnly_onlyUppercase
2026-03-12 16:47:03.020 [main] INFO  com.revpasswordmanager.serviceimpl.PasswordGeneratorServiceImpl - Password generated — length: [20], strength: [Medium]
2026-03-12 16:47:03.020 [main] INFO  com.revpasswordmanager.service.PasswordGeneratorServiceImplTest - PASS: password=YVPVUZOEXRSKBHHUUXEB
2026-03-12 16:47:03.022 [main] INFO  com.revpasswordmanager.service.PasswordGeneratorServiceImplTest - === Setting up PasswordGeneratorServiceImplTest ===
2026-03-12 16:47:03.022 [main] INFO  com.revpasswordmanager.service.PasswordGeneratorServiceImplTest - TEST: generatePassword_length12_exactLength
2026-03-12 16:47:03.023 [main] INFO  com.revpasswordmanager.serviceimpl.PasswordGeneratorServiceImpl - Password generated — length: [12], strength: [Strong]
2026-03-12 16:47:03.023 [main] INFO  com.revpasswordmanager.service.PasswordGeneratorServiceImplTest - PASS: length=12
2026-03-12 16:47:03.025 [main] INFO  com.revpasswordmanager.service.PasswordGeneratorServiceImplTest - === Setting up PasswordGeneratorServiceImplTest ===
2026-03-12 16:47:03.025 [main] INFO  com.revpasswordmanager.service.PasswordGeneratorServiceImplTest - TEST: checkStrength_complexLong_strongOrVeryStrong
2026-03-12 16:47:03.025 [main] INFO  com.revpasswordmanager.service.PasswordGeneratorServiceImplTest - PASS: strength=Very Strong
2026-03-12 16:47:03.243 [main] INFO  com.revpasswordmanager.service.VaultServiceImplTest - === Setting up VaultServiceImplTest ===
2026-03-12 16:47:03.244 [main] INFO  com.revpasswordmanager.service.VaultServiceImplTest - TEST: addVaultEntry_matchesMasterPassword_throwsException
2026-03-12 16:47:03.245 [main] INFO  com.revpasswordmanager.serviceimpl.VaultServiceImpl - Adding vault entry — userId: [1], accountName: [Gmail]
2026-03-12 16:47:03.247 [main] WARN  com.revpasswordmanager.serviceimpl.VaultServiceImpl - Vault entry rejected — password matches master password for userId: [1]
2026-03-12 16:47:03.252 [main] INFO  com.revpasswordmanager.service.VaultServiceImplTest - === Setting up VaultServiceImplTest ===
2026-03-12 16:47:03.252 [main] INFO  com.revpasswordmanager.service.VaultServiceImplTest - TEST: addVaultEntry_validDTO_savesEntry
2026-03-12 16:47:03.255 [main] INFO  com.revpasswordmanager.serviceimpl.VaultServiceImpl - Adding vault entry — userId: [1], accountName: [Gmail]
2026-03-12 16:47:03.340 [main] INFO  com.revpasswordmanager.serviceimpl.VaultServiceImpl - Vault entry added successfully — userId: [1], account: [Gmail]
2026-03-12 16:47:03.341 [main] INFO  com.revpasswordmanager.service.VaultServiceImplTest - PASS
2026-03-12 16:47:03.346 [main] INFO  com.revpasswordmanager.service.VaultServiceImplTest - === Setting up VaultServiceImplTest ===
2026-03-12 16:47:03.346 [main] INFO  com.revpasswordmanager.service.VaultServiceImplTest - TEST: markAsFavorite_setsFalse
2026-03-12 16:47:03.347 [main] INFO  com.revpasswordmanager.serviceimpl.VaultServiceImpl - Updating favorite status — entryId: [10], favorite: [false]
2026-03-12 16:47:03.349 [main] INFO  com.revpasswordmanager.serviceimpl.VaultServiceImpl - Favorite status updated — entryId: [10], isFavorite: [false]
2026-03-12 16:47:03.349 [main] INFO  com.revpasswordmanager.service.VaultServiceImplTest - PASS
2026-03-12 16:47:03.352 [main] INFO  com.revpasswordmanager.service.VaultServiceImplTest - === Setting up VaultServiceImplTest ===
2026-03-12 16:47:03.352 [main] INFO  com.revpasswordmanager.service.VaultServiceImplTest - TEST: addVaultEntry_tooShortPassword_throwsException
2026-03-12 16:47:03.353 [main] INFO  com.revpasswordmanager.serviceimpl.VaultServiceImpl - Adding vault entry — userId: [1], accountName: [Gmail]
2026-03-12 16:47:03.353 [main] WARN  com.revpasswordmanager.serviceimpl.VaultServiceImpl - Vault entry rejected — password too short (length: 3)
2026-03-12 16:47:03.357 [main] INFO  com.revpasswordmanager.service.VaultServiceImplTest - === Setting up VaultServiceImplTest ===
2026-03-12 16:47:03.358 [main] INFO  com.revpasswordmanager.service.VaultServiceImplTest - TEST: getAllEntries_twoEntries_returnsTwo
2026-03-12 16:47:03.360 [main] ERROR com.revpasswordmanager.serviceimpl.VaultServiceImpl - Decryption failed for entryId: [null] — returning raw value
2026-03-12 16:47:03.362 [main] ERROR com.revpasswordmanager.serviceimpl.VaultServiceImpl - Decryption failed for entryId: [null] — returning raw value
2026-03-12 16:47:03.362 [main] INFO  com.revpasswordmanager.serviceimpl.VaultServiceImpl - Returned [2] vault entries for userId: [1]
2026-03-12 16:47:03.362 [main] INFO  com.revpasswordmanager.service.VaultServiceImplTest - PASS: 2 entries returned
2026-03-12 16:47:03.367 [main] INFO  com.revpasswordmanager.service.VaultServiceImplTest - === Setting up VaultServiceImplTest ===
2026-03-12 16:47:03.367 [main] INFO  com.revpasswordmanager.service.VaultServiceImplTest - TEST: addVaultEntry_duplicateEntry_throwsException
2026-03-12 16:47:03.369 [main] INFO  com.revpasswordmanager.serviceimpl.VaultServiceImpl - Adding vault entry — userId: [1], accountName: [Gmail]
2026-03-12 16:47:03.370 [main] WARN  com.revpasswordmanager.serviceimpl.VaultServiceImpl - Duplicate vault entry blocked — userId: [1], account: [Gmail], username: [john@gmail.com]
2026-03-12 16:47:03.375 [main] INFO  com.revpasswordmanager.service.VaultServiceImplTest - === Setting up VaultServiceImplTest ===
2026-03-12 16:47:03.375 [main] INFO  com.revpasswordmanager.service.VaultServiceImplTest - TEST: markAsFavorite_invalidId_throwsException
2026-03-12 16:47:03.376 [main] INFO  com.revpasswordmanager.serviceimpl.VaultServiceImpl - Updating favorite status — entryId: [999], favorite: [true]
2026-03-12 16:47:03.377 [main] ERROR com.revpasswordmanager.serviceimpl.VaultServiceImpl - Favorite update failed — entry not found: [999]
2026-03-12 16:47:03.381 [main] INFO  com.revpasswordmanager.service.VaultServiceImplTest - === Setting up VaultServiceImplTest ===
2026-03-12 16:47:03.382 [main] INFO  com.revpasswordmanager.service.VaultServiceImplTest - TEST: getAllEntries_noEntries_returnsEmptyList
2026-03-12 16:47:03.382 [main] INFO  com.revpasswordmanager.serviceimpl.VaultServiceImpl - Returned [0] vault entries for userId: [99]
2026-03-12 16:47:03.383 [main] INFO  com.revpasswordmanager.service.VaultServiceImplTest - PASS
2026-03-12 16:47:03.389 [main] INFO  com.revpasswordmanager.service.VaultServiceImplTest - === Setting up VaultServiceImplTest ===
2026-03-12 16:47:03.391 [main] INFO  com.revpasswordmanager.service.VaultServiceImplTest - TEST: addVaultEntry_emptyPassword_throwsException
2026-03-12 16:47:03.391 [main] INFO  com.revpasswordmanager.serviceimpl.VaultServiceImpl - Adding vault entry — userId: [1], accountName: [Gmail]
2026-03-12 16:47:03.391 [main] WARN  com.revpasswordmanager.serviceimpl.VaultServiceImpl - Vault entry rejected — password is empty
2026-03-12 16:47:03.396 [main] INFO  com.revpasswordmanager.service.VaultServiceImplTest - === Setting up VaultServiceImplTest ===
2026-03-12 16:47:03.397 [main] INFO  com.revpasswordmanager.service.VaultServiceImplTest - TEST: markAsFavorite_setsTrue
2026-03-12 16:47:03.397 [main] INFO  com.revpasswordmanager.serviceimpl.VaultServiceImpl - Updating favorite status — entryId: [10], favorite: [true]
2026-03-12 16:47:03.399 [main] INFO  com.revpasswordmanager.serviceimpl.VaultServiceImpl - Favorite status updated — entryId: [10], isFavorite: [true]
2026-03-12 16:47:03.400 [main] INFO  com.revpasswordmanager.service.VaultServiceImplTest - PASS
2026-03-12 16:47:03.405 [main] INFO  com.revpasswordmanager.service.VaultServiceImplTest - === Setting up VaultServiceImplTest ===
2026-03-12 16:47:03.407 [main] INFO  com.revpasswordmanager.service.VaultServiceImplTest - TEST: getFavoriteEntries_hasFavorites_returnsOne
2026-03-12 16:47:03.409 [main] ERROR com.revpasswordmanager.serviceimpl.VaultServiceImpl - Decryption failed for entryId: [null] — returning raw value
2026-03-12 16:47:03.410 [main] INFO  com.revpasswordmanager.serviceimpl.VaultServiceImpl - Returned [1] favorite entries for userId: [1]
2026-03-12 16:47:03.410 [main] INFO  com.revpasswordmanager.service.VaultServiceImplTest - PASS
2026-03-12 16:47:03.414 [main] INFO  com.revpasswordmanager.service.VaultServiceImplTest - === Setting up VaultServiceImplTest ===
2026-03-12 16:47:03.414 [main] INFO  com.revpasswordmanager.service.VaultServiceImplTest - TEST: deleteVaultEntry_validId_callsRepository
2026-03-12 16:47:03.415 [main] INFO  com.revpasswordmanager.serviceimpl.VaultServiceImpl - Deleting vault entry — entryId: [10]
2026-03-12 16:47:03.416 [main] INFO  com.revpasswordmanager.serviceimpl.VaultServiceImpl - Vault entry deleted — entryId: [10]
2026-03-12 16:47:03.417 [main] INFO  com.revpasswordmanager.service.VaultServiceImplTest - PASS
2026-03-12 16:47:03.426 [main] INFO  com.revpasswordmanager.util.EncryptionUtilTest - TEST: output is Base64
2026-03-12 16:47:03.427 [main] INFO  com.revpasswordmanager.util.EncryptionUtilTest - PASS
2026-03-12 16:47:03.430 [main] INFO  com.revpasswordmanager.util.EncryptionUtilTest - TEST: different inputs ? different ciphertexts
2026-03-12 16:47:03.431 [main] INFO  com.revpasswordmanager.util.EncryptionUtilTest - PASS
2026-03-12 16:47:03.434 [main] INFO  com.revpasswordmanager.util.EncryptionUtilTest - TEST: ciphertext differs from plaintext
2026-03-12 16:47:03.440 [main] INFO  com.revpasswordmanager.util.EncryptionUtilTest - PASS
2026-03-12 16:47:03.443 [main] INFO  com.revpasswordmanager.util.EncryptionUtilTest - TEST: numeric password round trip
2026-03-12 16:47:03.444 [main] INFO  com.revpasswordmanager.util.EncryptionUtilTest - PASS
2026-03-12 16:47:03.449 [main] INFO  com.revpasswordmanager.util.EncryptionUtilTest - TEST: encrypt?decrypt round trip
2026-03-12 16:47:03.450 [main] INFO  com.revpasswordmanager.util.EncryptionUtilTest - PASS
2026-03-12 16:47:03.453 [main] INFO  com.revpasswordmanager.util.EncryptionUtilTest - TEST: same input ? same ciphertext (ECB determinism)
2026-03-12 16:47:03.453 [main] INFO  com.revpasswordmanager.util.EncryptionUtilTest - PASS
2026-03-12 16:47:03.457 [main] INFO  com.revpasswordmanager.util.EncryptionUtilTest - TEST: encrypt returns non-null, non-empty
2026-03-12 16:47:03.458 [main] INFO  com.revpasswordmanager.util.EncryptionUtilTest - PASS: encrypted=T/71ap8CcRqh9AlwMXrbaA==
2026-03-12 16:47:03.459 [main] INFO  com.revpasswordmanager.util.EncryptionUtilTest - TEST: special chars round trip
2026-03-12 16:47:03.460 [main] INFO  com.revpasswordmanager.util.EncryptionUtilTest - PASS
2026-03-12 16:47:03.461 [main] INFO  com.revpasswordmanager.util.EncryptionUtilTest - TEST: long password round trip
2026-03-12 16:47:03.462 [main] INFO  com.revpasswordmanager.util.EncryptionUtilTest - PASS
2026-03-12 16:47:03.474 [main] INFO  com.revpasswordmanager.util.PasswordStrengthUtilTest - TEST: 'Hello123' ? Medium
2026-03-12 16:47:03.474 [main] INFO  com.revpasswordmanager.util.PasswordStrengthUtilTest - PASS
2026-03-12 16:47:03.476 [main] INFO  com.revpasswordmanager.util.PasswordStrengthUtilTest - TEST: 'abc' ? Weak
2026-03-12 16:47:03.476 [main] INFO  com.revpasswordmanager.util.PasswordStrengthUtilTest - PASS
2026-03-12 16:47:03.477 [main] INFO  com.revpasswordmanager.util.PasswordStrengthUtilTest - TEST: 'Hello@12' ? Strong
2026-03-12 16:47:03.478 [main] INFO  com.revpasswordmanager.util.PasswordStrengthUtilTest - PASS
2026-03-12 16:47:03.479 [main] INFO  com.revpasswordmanager.util.PasswordStrengthUtilTest - TEST: long complex password ? Very Strong
2026-03-12 16:47:03.479 [main] INFO  com.revpasswordmanager.util.PasswordStrengthUtilTest - PASS
2026-03-12 16:47:03.480 [main] INFO  com.revpasswordmanager.util.PasswordStrengthUtilTest - TEST: empty ? Weak
2026-03-12 16:47:03.481 [main] INFO  com.revpasswordmanager.util.PasswordStrengthUtilTest - PASS
2026-03-12 16:47:03.482 [main] INFO  com.revpasswordmanager.util.PasswordStrengthUtilTest - TEST: 'SecurePass@123' ? Very Strong
2026-03-12 16:47:03.482 [main] INFO  com.revpasswordmanager.util.PasswordStrengthUtilTest - PASS
2026-03-12 16:47:03.484 [main] INFO  com.revpasswordmanager.util.PasswordStrengthUtilTest - TEST: null ? Weak
2026-03-12 16:47:03.484 [main] INFO  com.revpasswordmanager.util.PasswordStrengthUtilTest - PASS
2026-03-12 16:47:03.485 [main] INFO  com.revpasswordmanager.util.PasswordStrengthUtilTest - TEST: 'abcdefgh' ? Weak
2026-03-12 16:47:03.485 [main] INFO  com.revpasswordmanager.util.PasswordStrengthUtilTest - PASS
2026-03-12 16:47:03.486 [main] INFO  com.revpasswordmanager.util.PasswordStrengthUtilTest - TEST: 'HelloWld' ? Medium
2026-03-12 16:47:03.486 [main] INFO  com.revpasswordmanager.util.PasswordStrengthUtilTest - PASS
