2026-03-12 16:42:18.189 [http-nio-9095-exec-2] INFO  com.revpasswordmanager.serviceimpl.AuthServiceImpl - Login attempt — username: [Naveenraj01]
2026-03-12 16:42:18.637 [http-nio-9095-exec-2] INFO  com.revpasswordmanager.serviceimpl.AuthServiceImpl - 2FA required — generating verification code for userId: [1]
2026-03-12 16:42:40.603 [http-nio-9095-exec-5] INFO  com.revpasswordmanager.serviceimpl.VaultServiceImpl - Returned [10] vault entries for userId: [1]
2026-03-12 16:42:57.085 [http-nio-9095-exec-7] INFO  com.revpasswordmanager.serviceimpl.VaultServiceImpl - Returned [10] vault entries for userId: [1]
2026-03-12 16:45:01.251 [http-nio-9095-exec-10] INFO  com.revpasswordmanager.serviceimpl.VaultServiceImpl - Adding vault entry — userId: [1], accountName: [Telegram]
2026-03-12 16:45:01.528 [http-nio-9095-exec-10] INFO  com.revpasswordmanager.serviceimpl.VaultServiceImpl - Vault entry added successfully — userId: [1], account: [Telegram]
2026-03-12 16:45:01.586 [http-nio-9095-exec-1] INFO  com.revpasswordmanager.serviceimpl.VaultServiceImpl - Returned [11] vault entries for userId: [1]
2026-03-12 16:45:04.419 [http-nio-9095-exec-2] INFO  com.revpasswordmanager.serviceimpl.VaultServiceImpl - Returned [11] vault entries for userId: [1]
2026-03-12 16:45:20.019 [http-nio-9095-exec-8] INFO  com.revpasswordmanager.serviceimpl.VaultServiceImpl - Returned [11] vault entries for userId: [1]
2026-03-12 16:45:28.543 [http-nio-9095-exec-10] INFO  com.revpasswordmanager.serviceimpl.VaultServiceImpl - Updating favorite status — entryId: [40], favorite: [true]
2026-03-12 16:45:28.707 [http-nio-9095-exec-10] INFO  com.revpasswordmanager.serviceimpl.VaultServiceImpl - Favorite status updated — entryId: [40], isFavorite: [true]
2026-03-12 16:45:28.739 [http-nio-9095-exec-1] INFO  com.revpasswordmanager.serviceimpl.VaultServiceImpl - Returned [11] vault entries for userId: [1]
2026-03-12 16:45:36.780 [http-nio-9095-exec-2] INFO  com.revpasswordmanager.serviceimpl.VaultServiceImpl - Returned [11] vault entries for userId: [1]
2026-03-12 16:45:56.559 [http-nio-9095-exec-10] INFO  com.revpasswordmanager.serviceimpl.VaultServiceImpl - Returned [11] vault entries for userId: [1]
2026-03-12 16:47:02.758 [main] INFO  com.revpasswordmanager.serviceimpl.AuthServiceImpl - Registration attempt — username: [john_doe], email: [john@example.com]
2026-03-12 16:47:02.760 [main] WARN  com.revpasswordmanager.serviceimpl.AuthServiceImpl - Registration failed — email already exists: [john@example.com]
2026-03-12 16:47:02.771 [main] INFO  com.revpasswordmanager.serviceimpl.AuthServiceImpl - Change master password request — username: [john_doe]
2026-03-12 16:47:02.772 [main] WARN  com.revpasswordmanager.serviceimpl.AuthServiceImpl - Change password failed — current password incorrect for username: [john_doe]
2026-03-12 16:47:02.789 [main] INFO  com.revpasswordmanager.serviceimpl.AuthServiceImpl - Registration attempt — username: [john_doe], email: [john@example.com]
2026-03-12 16:47:02.791 [main] INFO  com.revpasswordmanager.serviceimpl.AuthServiceImpl - Registration successful — userId: [100], username: [john_doe]
2026-03-12 16:47:02.815 [main] INFO  com.revpasswordmanager.serviceimpl.AuthServiceImpl - Login attempt — username: [john_doe]
2026-03-12 16:47:02.816 [main] INFO  com.revpasswordmanager.serviceimpl.AuthServiceImpl - 2FA required — generating verification code for userId: [100]
2026-03-12 16:47:02.823 [main] INFO  com.revpasswordmanager.serviceimpl.AuthServiceImpl - Change master password request — username: [john_doe]
2026-03-12 16:47:02.825 [main] INFO  com.revpasswordmanager.serviceimpl.AuthServiceImpl - Master password changed successfully — username: [john_doe]
2026-03-12 16:47:02.834 [main] INFO  com.revpasswordmanager.serviceimpl.AuthServiceImpl - Login attempt — username: [ghost]
2026-03-12 16:47:02.834 [main] WARN  com.revpasswordmanager.serviceimpl.AuthServiceImpl - Login failed — user not found: [ghost]
2026-03-12 16:47:02.844 [main] INFO  com.revpasswordmanager.serviceimpl.AuthServiceImpl - Registration attempt — username: [john_doe], email: [john@example.com]
2026-03-12 16:47:02.847 [main] INFO  com.revpasswordmanager.serviceimpl.AuthServiceImpl - Registration successful — userId: [100], username: [john_doe]
2026-03-12 16:47:02.857 [main] INFO  com.revpasswordmanager.serviceimpl.AuthServiceImpl - Toggle 2FA request — username: [john_doe], enable: [false]
2026-03-12 16:47:02.858 [main] INFO  com.revpasswordmanager.serviceimpl.AuthServiceImpl - 2FA status updated — username: [john_doe], twoFactorEnabled: [false]
2026-03-12 16:47:02.866 [main] INFO  com.revpasswordmanager.serviceimpl.AuthServiceImpl - Login attempt — username: [john_doe]
2026-03-12 16:47:02.867 [main] INFO  com.revpasswordmanager.serviceimpl.AuthServiceImpl - Login successful — userId: [100], username: [john_doe]
2026-03-12 16:47:02.874 [main] INFO  com.revpasswordmanager.serviceimpl.AuthServiceImpl - Login attempt — username: [john_doe]
2026-03-12 16:47:02.875 [main] WARN  com.revpasswordmanager.serviceimpl.AuthServiceImpl - Login failed — invalid password for username: [john_doe]
2026-03-12 16:47:02.882 [main] INFO  com.revpasswordmanager.serviceimpl.AuthServiceImpl - Registration attempt — username: [john_doe], email: [john@example.com]
2026-03-12 16:47:02.883 [main] WARN  com.revpasswordmanager.serviceimpl.AuthServiceImpl - Registration failed — username already exists: [john_doe]
2026-03-12 16:47:02.888 [main] INFO  com.revpasswordmanager.serviceimpl.AuthServiceImpl - Toggle 2FA request — username: [john_doe], enable: [true]
2026-03-12 16:47:02.888 [main] INFO  com.revpasswordmanager.serviceimpl.AuthServiceImpl - 2FA status updated — username: [john_doe], twoFactorEnabled: [true]
2026-03-12 16:47:03.245 [main] INFO  com.revpasswordmanager.serviceimpl.VaultServiceImpl - Adding vault entry — userId: [1], accountName: [Gmail]
2026-03-12 16:47:03.247 [main] WARN  com.revpasswordmanager.serviceimpl.VaultServiceImpl - Vault entry rejected — password matches master password for userId: [1]
2026-03-12 16:47:03.255 [main] INFO  com.revpasswordmanager.serviceimpl.VaultServiceImpl - Adding vault entry — userId: [1], accountName: [Gmail]
2026-03-12 16:47:03.340 [main] INFO  com.revpasswordmanager.serviceimpl.VaultServiceImpl - Vault entry added successfully — userId: [1], account: [Gmail]
2026-03-12 16:47:03.347 [main] INFO  com.revpasswordmanager.serviceimpl.VaultServiceImpl - Updating favorite status — entryId: [10], favorite: [false]
2026-03-12 16:47:03.349 [main] INFO  com.revpasswordmanager.serviceimpl.VaultServiceImpl - Favorite status updated — entryId: [10], isFavorite: [false]
2026-03-12 16:47:03.353 [main] INFO  com.revpasswordmanager.serviceimpl.VaultServiceImpl - Adding vault entry — userId: [1], accountName: [Gmail]
2026-03-12 16:47:03.353 [main] WARN  com.revpasswordmanager.serviceimpl.VaultServiceImpl - Vault entry rejected — password too short (length: 3)
2026-03-12 16:47:03.360 [main] ERROR com.revpasswordmanager.serviceimpl.VaultServiceImpl - Decryption failed for entryId: [null] — returning raw value
2026-03-12 16:47:03.362 [main] ERROR com.revpasswordmanager.serviceimpl.VaultServiceImpl - Decryption failed for entryId: [null] — returning raw value
2026-03-12 16:47:03.362 [main] INFO  com.revpasswordmanager.serviceimpl.VaultServiceImpl - Returned [2] vault entries for userId: [1]
2026-03-12 16:47:03.369 [main] INFO  com.revpasswordmanager.serviceimpl.VaultServiceImpl - Adding vault entry — userId: [1], accountName: [Gmail]
2026-03-12 16:47:03.370 [main] WARN  com.revpasswordmanager.serviceimpl.VaultServiceImpl - Duplicate vault entry blocked — userId: [1], account: [Gmail], username: [john@gmail.com]
2026-03-12 16:47:03.376 [main] INFO  com.revpasswordmanager.serviceimpl.VaultServiceImpl - Updating favorite status — entryId: [999], favorite: [true]
2026-03-12 16:47:03.377 [main] ERROR com.revpasswordmanager.serviceimpl.VaultServiceImpl - Favorite update failed — entry not found: [999]
2026-03-12 16:47:03.382 [main] INFO  com.revpasswordmanager.serviceimpl.VaultServiceImpl - Returned [0] vault entries for userId: [99]
2026-03-12 16:47:03.391 [main] INFO  com.revpasswordmanager.serviceimpl.VaultServiceImpl - Adding vault entry — userId: [1], accountName: [Gmail]
2026-03-12 16:47:03.391 [main] WARN  com.revpasswordmanager.serviceimpl.VaultServiceImpl - Vault entry rejected — password is empty
2026-03-12 16:47:03.397 [main] INFO  com.revpasswordmanager.serviceimpl.VaultServiceImpl - Updating favorite status — entryId: [10], favorite: [true]
2026-03-12 16:47:03.399 [main] INFO  com.revpasswordmanager.serviceimpl.VaultServiceImpl - Favorite status updated — entryId: [10], isFavorite: [true]
2026-03-12 16:47:03.409 [main] ERROR com.revpasswordmanager.serviceimpl.VaultServiceImpl - Decryption failed for entryId: [null] — returning raw value
2026-03-12 16:47:03.410 [main] INFO  com.revpasswordmanager.serviceimpl.VaultServiceImpl - Returned [1] favorite entries for userId: [1]
2026-03-12 16:47:03.415 [main] INFO  com.revpasswordmanager.serviceimpl.VaultServiceImpl - Deleting vault entry — entryId: [10]
2026-03-12 16:47:03.416 [main] INFO  com.revpasswordmanager.serviceimpl.VaultServiceImpl - Vault entry deleted — entryId: [10]
